<?xml version="1.0" encoding="UTF-8"?>
<testng-results skipped="0" failed="0" ignored="0" total="0" passed="0">
  <reporter-output>
  </reporter-output>
  <suite name="Testcases.TestRunner" duration-ms="12" started-at="2023-06-28T12:28:46 EDT" finished-at="2023-06-28T12:28:46 EDT">
    <groups>
    </groups>
    <test name="Command line test" duration-ms="12" started-at="2023-06-28T12:28:46 EDT" finished-at="2023-06-28T12:28:46 EDT">
    </test> <!-- Command line test -->
  </suite> <!-- Testcases.TestRunner -->
</testng-results>
